------------------------------------------------------------
/usr/bin/pip run on Sun Oct  7 17:19:10 2012
Downloading/unpacking Flask
  Getting page http://pypi.python.org/simple/Flask
  URLs to search for versions for Flask:
  * http://pypi.python.org/simple/Flask/
  Getting page http://github.com/mitsuhiko/flask/
  Analyzing links from page http://pypi.python.org/simple/Flask/
    Found link http://pypi.python.org/packages/source/F/Flask/Flask-0.1.tar.gz#md5=d0c458397c49114fa279716798ca80c8 (from http://pypi.python.org/simple/Flask/), version: 0.1
    Found link http://pypi.python.org/packages/source/F/Flask/Flask-0.3.tar.gz#md5=5beb1e1b3c243d3ca078fe1ea9d6dbd8 (from http://pypi.python.org/simple/Flask/), version: 0.3
    Found link http://pypi.python.org/packages/source/F/Flask/Flask-0.5.tar.gz#md5=b5580ae05d75d80485c8694532f95910 (from http://pypi.python.org/simple/Flask/), version: 0.5
    Found link http://pypi.python.org/packages/source/F/Flask/Flask-0.7.1.tar.gz#md5=4705d31035839dec320a1fd76ac2fa30 (from http://pypi.python.org/simple/Flask/), version: 0.7.1
    Found link http://pypi.python.org/packages/source/F/Flask/Flask-0.6.tar.gz#md5=55a5222123978c8c16dae385724c0f3a (from http://pypi.python.org/simple/Flask/), version: 0.6
    Found link http://pypi.python.org/packages/source/F/Flask/Flask-0.2.tar.gz#md5=6926822b17cc5c7baa7df9d22c9cf114 (from http://pypi.python.org/simple/Flask/), version: 0.2
    Found link http://pypi.python.org/packages/source/F/Flask/Flask-0.3.1.tar.gz#md5=22bde65fbbcd93c6509b9939817e3853 (from http://pypi.python.org/simple/Flask/), version: 0.3.1
    Found link http://pypi.python.org/packages/source/F/Flask/Flask-0.7.2.tar.gz#md5=a6f52d8de1f536ec982b363e4b6a0387 (from http://pypi.python.org/simple/Flask/), version: 0.7.2
    Found link http://pypi.python.org/packages/source/F/Flask/Flask-0.7.tar.gz#md5=1aaf5504ae28925fb97fb3ab8b85d3cd (from http://pypi.python.org/simple/Flask/), version: 0.7
    Found link http://pypi.python.org/packages/source/F/Flask/Flask-0.5.1.tar.gz#md5=c54da4a640554eb616e4210f256199e6 (from http://pypi.python.org/simple/Flask/), version: 0.5.1
    Found link http://pypi.python.org/packages/source/F/Flask/Flask-0.8.tar.gz#md5=a5169306cfe49b3b369086f2a63816ab (from http://pypi.python.org/simple/Flask/), version: 0.8
    Found link http://pypi.python.org/packages/source/F/Flask/Flask-0.4.tar.gz#md5=aec554ae684e7ff5895fd1b5c0dea378 (from http://pypi.python.org/simple/Flask/), version: 0.4
    Found link http://pypi.python.org/packages/source/F/Flask/Flask-0.9.tar.gz#md5=4a89ef2b3ab0f151f781182bd0cc8933 (from http://pypi.python.org/simple/Flask/), version: 0.9
    Found link http://pypi.python.org/packages/source/F/Flask/Flask-0.5.2.tar.gz#md5=002b8ff41fa14d82662b1d7763f77855 (from http://pypi.python.org/simple/Flask/), version: 0.5.2
    Found link http://pypi.python.org/packages/source/F/Flask/Flask-0.8.1.tar.gz#md5=4b9e866bf43723d834b3ce8fcd13574d (from http://pypi.python.org/simple/Flask/), version: 0.8.1
    Found link http://pypi.python.org/packages/source/F/Flask/Flask-0.6.1.tar.gz#md5=7af56e33fb6a35db2818c20e604c8698 (from http://pypi.python.org/simple/Flask/), version: 0.6.1
    Skipping link http://github.com/mitsuhiko/flask/ (from http://pypi.python.org/simple/Flask/); not a file
    Skipping link http://flask.pocoo.org/ (from http://pypi.python.org/simple/Flask/); not a file
    Skipping link http://flask.pocoo.org/docs/ (from http://pypi.python.org/simple/Flask/); not a file
    Found link http://github.com/mitsuhiko/flask/zipball/master#egg=Flask-dev (from http://pypi.python.org/simple/Flask/), version: dev
  Analyzing links from page https://github.com/mitsuhiko/flask/
    Skipping link https://github.com/opensearch.xml (from https://github.com/mitsuhiko/flask/); unknown archive format: .xml
    Skipping link https://github.com/fluidicon.png (from https://github.com/mitsuhiko/flask/); unknown archive format: .png
    Skipping link https://github.com/mitsuhiko/flask/apple-touch-icon-114.png (from https://github.com/mitsuhiko/flask/); unknown archive format: .png
    Skipping link https://github.com/mitsuhiko/flask/apple-touch-icon-144.png (from https://github.com/mitsuhiko/flask/); unknown archive format: .png
    Skipping link https://github.com/favicon.ico (from https://github.com/mitsuhiko/flask/); unknown archive format: .ico
    Skipping link https://a248.e.akamai.net/assets.github.com/assets/github-368ad162d99b0ea9c2c3672bc49e6b6ab6254c49.css (from https://github.com/mitsuhiko/flask/); unknown archive format: .css
    Skipping link https://a248.e.akamai.net/assets.github.com/assets/github2-df48af9ffbb3f77334c3ec2f7f6294f9002ec4c6.css (from https://github.com/mitsuhiko/flask/); unknown archive format: .css
    Skipping link https://github.com/mitsuhiko/flask/tree/f701f699477800497636fd5b28132744ec68928d (from https://github.com/mitsuhiko/flask/); not a file
    Skipping link https://github.com/mitsuhiko/flask/commits/master.atom (from https://github.com/mitsuhiko/flask/); unknown archive format: .atom
    Skipping link https://github.com/ (from https://github.com/mitsuhiko/flask/); not a file
    Skipping link https://github.com/plans (from https://github.com/mitsuhiko/flask/); not a file
    Skipping link https://github.com/explore (from https://github.com/mitsuhiko/flask/); not a file
    Skipping link https://github.com/features (from https://github.com/mitsuhiko/flask/); not a file
    Skipping link https://github.com/blog (from https://github.com/mitsuhiko/flask/); not a file
    Skipping link https://github.com/login?return_to=%2Fmitsuhiko%2Fflask%2F (from https://github.com/mitsuhiko/flask/); not a file
    Skipping link https://github.com/login?return_to=%2Fmitsuhiko%2Fflask (from https://github.com/mitsuhiko/flask/); not a file
    Skipping link https://github.com/mitsuhiko/flask/stargazers (from https://github.com/mitsuhiko/flask/); not a file
    Skipping link https://github.com/mitsuhiko/flask/network (from https://github.com/mitsuhiko/flask/); not a file
    Skipping link https://github.com/mitsuhiko (from https://github.com/mitsuhiko/flask/); not a file
    Skipping link https://github.com/mitsuhiko/flask (from https://github.com/mitsuhiko/flask/); not a file
    Skipping link https://github.com/mitsuhiko/flask/pulls (from https://github.com/mitsuhiko/flask/); not a file
    Skipping link https://github.com/mitsuhiko/flask/issues (from https://github.com/mitsuhiko/flask/); not a file
    Skipping link https://github.com/mitsuhiko/flask/wiki (from https://github.com/mitsuhiko/flask/); not a file
    Skipping link https://github.com/mitsuhiko/flask/graphs (from https://github.com/mitsuhiko/flask/); not a file
    Skipping link https://github.com/languages/Python (from https://github.com/mitsuhiko/flask/); not a file
    Skipping link https://github.com/mitsuhiko/flask/#readme (from https://github.com/mitsuhiko/flask/); not a file
    Skipping link https://github.com/mitsuhiko/flask/ (from https://github.com/mitsuhiko/flask/); not a file
    Skipping link https://github.com/mitsuhiko/flask/zipball/master (from https://github.com/mitsuhiko/flask/); not a file
    Skipping link https://github.com/mitsuhiko/flask.git (from https://github.com/mitsuhiko/flask/); unknown archive format: .git
    Skipping link git://github.com/mitsuhiko/flask.git (from https://github.com/mitsuhiko/flask/); unknown archive format: .git
    Skipping link https://github.com/mitsuhiko/flask/dismiss-tree-finder-help (from https://github.com/mitsuhiko/flask/); not a file
    Skipping link https://github.com/mitsuhiko/flask/tags (from https://github.com/mitsuhiko/flask/); not a file
    Skipping link https://github.com/mitsuhiko/flask/downloads (from https://github.com/mitsuhiko/flask/); not a file
    Skipping link javascript:; (from https://github.com/mitsuhiko/flask/); not a file
    Skipping link https://github.com/mitsuhiko/flask/tree/0.3-maintenance (from https://github.com/mitsuhiko/flask/); unknown archive format: .3-maintenance
    Skipping link https://github.com/mitsuhiko/flask/tree/0.5-maintenance (from https://github.com/mitsuhiko/flask/); unknown archive format: .5-maintenance
    Skipping link https://github.com/mitsuhiko/flask/tree/0.6-maintenance (from https://github.com/mitsuhiko/flask/); unknown archive format: .6-maintenance
    Skipping link https://github.com/mitsuhiko/flask/tree/0.7-maintenance (from https://github.com/mitsuhiko/flask/); unknown archive format: .7-maintenance
    Skipping link https://github.com/mitsuhiko/flask/tree/0.8-maintenance (from https://github.com/mitsuhiko/flask/); unknown archive format: .8-maintenance
    Skipping link https://github.com/mitsuhiko/flask/tree/appdispatch-docs (from https://github.com/mitsuhiko/flask/); not a file
    Skipping link https://github.com/mitsuhiko/flask/tree/feature/remove-jsonp (from https://github.com/mitsuhiko/flask/); not a file
    Skipping link https://github.com/mitsuhiko/flask/tree/json-sessions (from https://github.com/mitsuhiko/flask/); not a file
    Skipping link https://github.com/mitsuhiko/flask/tree/master (from https://github.com/mitsuhiko/flask/); not a file
    Skipping link https://github.com/mitsuhiko/flask/tree/new-logging (from https://github.com/mitsuhiko/flask/); not a file
    Skipping link https://github.com/mitsuhiko/flask/tree/new-modules (from https://github.com/mitsuhiko/flask/); not a file
    Skipping link https://github.com/mitsuhiko/flask/tree/new-request-dispatching (from https://github.com/mitsuhiko/flask/); not a file
    Skipping link https://github.com/mitsuhiko/flask/tree/website (from https://github.com/mitsuhiko/flask/); not a file
    Skipping link https://github.com/mitsuhiko/flask/tree/0.9 (from https://github.com/mitsuhiko/flask/); unknown archive format: .9
    Skipping link https://github.com/mitsuhiko/flask/tree/0.8.1 (from https://github.com/mitsuhiko/flask/); unknown archive format: .1
    Skipping link https://github.com/mitsuhiko/flask/tree/0.8 (from https://github.com/mitsuhiko/flask/); unknown archive format: .8
    Skipping link https://github.com/mitsuhiko/flask/tree/0.7.2 (from https://github.com/mitsuhiko/flask/); unknown archive format: .2
    Skipping link https://github.com/mitsuhiko/flask/tree/0.7.1 (from https://github.com/mitsuhiko/flask/); unknown archive format: .1
    Skipping link https://github.com/mitsuhiko/flask/tree/0.7 (from https://github.com/mitsuhiko/flask/); unknown archive format: .7
    Skipping link https://github.com/mitsuhiko/flask/tree/0.6.1 (from https://github.com/mitsuhiko/flask/); unknown archive format: .1
    Skipping link https://github.com/mitsuhiko/flask/tree/0.6 (from https://github.com/mitsuhiko/flask/); unknown archive format: .6
    Skipping link https://github.com/mitsuhiko/flask/tree/0.5 (from https://github.com/mitsuhiko/flask/); unknown archive format: .5
    Skipping link https://github.com/mitsuhiko/flask/tree/0.4 (from https://github.com/mitsuhiko/flask/); unknown archive format: .4
    Skipping link https://github.com/mitsuhiko/flask/tree/0.3.1 (from https://github.com/mitsuhiko/flask/); unknown archive format: .1
    Skipping link https://github.com/mitsuhiko/flask/tree/0.3 (from https://github.com/mitsuhiko/flask/); unknown archive format: .3
    Skipping link https://github.com/mitsuhiko/flask/tree/0.2 (from https://github.com/mitsuhiko/flask/); unknown archive format: .2
    Skipping link https://github.com/mitsuhiko/flask/tree/0.1 (from https://github.com/mitsuhiko/flask/); unknown archive format: .1
    Skipping link https://github.com/mitsuhiko/flask/commits/master (from https://github.com/mitsuhiko/flask/); not a file
    Skipping link https://github.com/mitsuhiko/flask/branches (from https://github.com/mitsuhiko/flask/); not a file
    Skipping link https://github.com/mitsuhiko/flask/commit/f701f699477800497636fd5b28132744ec68928d (from https://github.com/mitsuhiko/flask/); not a file
    Skipping link https://github.com/mitsuhiko/flask/commits/master/ (from https://github.com/mitsuhiko/flask/); not a file
    Skipping link https://github.com/mitsuhiko/flask/tree/f701f699477800497636fd5b28132744ec68928d/artwork (from https://github.com/mitsuhiko/flask/); not a file
    Skipping link https://github.com/mitsuhiko/flask/tree/f701f699477800497636fd5b28132744ec68928d/docs (from https://github.com/mitsuhiko/flask/); not a file
    Skipping link https://github.com/mitsuhiko/flask/tree/f701f699477800497636fd5b28132744ec68928d/examples (from https://github.com/mitsuhiko/flask/); not a file
    Skipping link https://github.com/mitsuhiko/flask/tree/f701f699477800497636fd5b28132744ec68928d/flask (from https://github.com/mitsuhiko/flask/); not a file
    Skipping link https://github.com/mitsuhiko/flask/tree/f701f699477800497636fd5b28132744ec68928d/scripts (from https://github.com/mitsuhiko/flask/); not a file
    Skipping link https://github.com/mitsuhiko/flask/blob/f701f699477800497636fd5b28132744ec68928d/.gitignore (from https://github.com/mitsuhiko/flask/); not a file
    Skipping link https://github.com/mitsuhiko/flask/blob/f701f699477800497636fd5b28132744ec68928d/.gitmodules (from https://github.com/mitsuhiko/flask/); not a file
    Skipping link https://github.com/mitsuhiko/flask/blob/f701f699477800497636fd5b28132744ec68928d/.travis.yml (from https://github.com/mitsuhiko/flask/); unknown archive format: .yml
    Skipping link https://github.com/mitsuhiko/flask/blob/f701f699477800497636fd5b28132744ec68928d/AUTHORS (from https://github.com/mitsuhiko/flask/); not a file
    Skipping link https://github.com/mitsuhiko/flask/blob/f701f699477800497636fd5b28132744ec68928d/CHANGES (from https://github.com/mitsuhiko/flask/); not a file
    Skipping link https://github.com/mitsuhiko/flask/blob/f701f699477800497636fd5b28132744ec68928d/LICENSE (from https://github.com/mitsuhiko/flask/); not a file
    Skipping link https://github.com/mitsuhiko/flask/blob/f701f699477800497636fd5b28132744ec68928d/MANIFEST.in (from https://github.com/mitsuhiko/flask/); unknown archive format: .in
    Skipping link https://github.com/mitsuhiko/flask/blob/f701f699477800497636fd5b28132744ec68928d/Makefile (from https://github.com/mitsuhiko/flask/); not a file
    Skipping link https://github.com/mitsuhiko/flask/blob/f701f699477800497636fd5b28132744ec68928d/README (from https://github.com/mitsuhiko/flask/); not a file
    Skipping link https://github.com/mitsuhiko/flask/blob/f701f699477800497636fd5b28132744ec68928d/run-tests.py (from https://github.com/mitsuhiko/flask/); unknown archive format: .py
    Skipping link https://github.com/mitsuhiko/flask/blob/f701f699477800497636fd5b28132744ec68928d/setup.cfg (from https://github.com/mitsuhiko/flask/); unknown archive format: .cfg
    Skipping link https://github.com/mitsuhiko/flask/blob/f701f699477800497636fd5b28132744ec68928d/setup.py (from https://github.com/mitsuhiko/flask/); unknown archive format: .py
    Skipping link http://flask.pocoo.org/mailinglist/ (from https://github.com/mitsuhiko/flask/); not a file
    Skipping link http://flask.pocoo.org/community/ (from https://github.com/mitsuhiko/flask/); not a file
    Skipping link https://github.com/about (from https://github.com/mitsuhiko/flask/); not a file
    Skipping link https://github.com/contact (from https://github.com/mitsuhiko/flask/); not a file
    Skipping link http://training.github.com/ (from https://github.com/mitsuhiko/flask/); not a file
    Skipping link http://enterprise.github.com/ (from https://github.com/mitsuhiko/flask/); not a file
    Skipping link http://status.github.com/ (from https://github.com/mitsuhiko/flask/); not a file
    Skipping link http://mac.github.com/ (from https://github.com/mitsuhiko/flask/); not a file
    Skipping link http://windows.github.com/ (from https://github.com/mitsuhiko/flask/); not a file
    Skipping link http://eclipse.github.com/ (from https://github.com/mitsuhiko/flask/); not a file
    Skipping link http://mobile.github.com/ (from https://github.com/mitsuhiko/flask/); not a file
    Skipping link http://get.gaug.es/ (from https://github.com/mitsuhiko/flask/); not a file
    Skipping link http://speakerdeck.com (from https://github.com/mitsuhiko/flask/); not a file
    Skipping link https://gist.github.com (from https://github.com/mitsuhiko/flask/); not a file
    Skipping link http://jobs.github.com/ (from https://github.com/mitsuhiko/flask/); not a file
    Skipping link http://shop.github.com/ (from https://github.com/mitsuhiko/flask/); not a file
    Skipping link http://octodex.github.com/ (from https://github.com/mitsuhiko/flask/); not a file
    Skipping link http://help.github.com/ (from https://github.com/mitsuhiko/flask/); not a file
    Skipping link http://developer.github.com/ (from https://github.com/mitsuhiko/flask/); not a file
    Skipping link http://github.github.com/github-flavored-markdown/ (from https://github.com/mitsuhiko/flask/); not a file
    Skipping link http://pages.github.com/ (from https://github.com/mitsuhiko/flask/); not a file
    Skipping link https://github.com/site/terms (from https://github.com/mitsuhiko/flask/); not a file
    Skipping link https://github.com/site/privacy (from https://github.com/mitsuhiko/flask/); not a file
    Skipping link https://github.com/security (from https://github.com/mitsuhiko/flask/); not a file
    Could not parse version from link: http://github-media-downloads.s3.amazonaws.com/GitHub_Logos.zip (from https://github.com/mitsuhiko/flask/)
    Skipping link http://github-media-downloads.s3.amazonaws.com/GitHub_Logos.zip (from https://github.com/mitsuhiko/flask/); wrong project name (not flask)
    Could not parse version from link: http://github-media-downloads.s3.amazonaws.com/Octocats.zip (from https://github.com/mitsuhiko/flask/)
    Skipping link http://github-media-downloads.s3.amazonaws.com/Octocats.zip (from https://github.com/mitsuhiko/flask/); wrong project name (not flask)
  Using version 0.9 (newest of versions: 0.9, 0.8.1, 0.8, 0.7.2, 0.7.1, 0.7, 0.6.1, 0.6, 0.5.2, 0.5.1, 0.5, 0.4, 0.3.1, 0.3, 0.2, 0.1, dev)
  Downloading from URL http://pypi.python.org/packages/source/F/Flask/Flask-0.9.tar.gz#md5=4a89ef2b3ab0f151f781182bd0cc8933 (from http://pypi.python.org/simple/Flask/)
  Running setup.py egg_info for package Flask
    running egg_info
    creating pip-egg-info/Flask.egg-info
    writing requirements to pip-egg-info/Flask.egg-info/requires.txt
    writing pip-egg-info/Flask.egg-info/PKG-INFO
    writing top-level names to pip-egg-info/Flask.egg-info/top_level.txt
    writing dependency_links to pip-egg-info/Flask.egg-info/dependency_links.txt
    writing manifest file 'pip-egg-info/Flask.egg-info/SOURCES.txt'
    warning: manifest_maker: standard file '-c' not found
    
    reading manifest file 'pip-egg-info/Flask.egg-info/SOURCES.txt'
    reading manifest template 'MANIFEST.in'
    warning: no files found matching '*' under directory 'tests'
    warning: no previously-included files matching '*.pyc' found under directory 'docs'
    warning: no previously-included files matching '*.pyo' found under directory 'docs'
    warning: no previously-included files matching '*.pyc' found under directory 'tests'
    warning: no previously-included files matching '*.pyo' found under directory 'tests'
    warning: no previously-included files matching '*.pyc' found under directory 'examples'
    warning: no previously-included files matching '*.pyo' found under directory 'examples'
    no previously-included directories found matching 'docs/_build'
    no previously-included directories found matching 'docs/_themes/.git'
    writing manifest file 'pip-egg-info/Flask.egg-info/SOURCES.txt'
Downloading/unpacking Werkzeug>=0.7 (from Flask)
  Running setup.py egg_info for package Werkzeug
    running egg_info
    writing pip-egg-info/Werkzeug.egg-info/PKG-INFO
    writing top-level names to pip-egg-info/Werkzeug.egg-info/top_level.txt
    writing dependency_links to pip-egg-info/Werkzeug.egg-info/dependency_links.txt
    warning: manifest_maker: standard file '-c' not found
    
    reading manifest file 'pip-egg-info/Werkzeug.egg-info/SOURCES.txt'
    reading manifest template 'MANIFEST.in'
    warning: no files found matching '*' under directory 'werkzeug/debug/templates'
    warning: no files found matching '*' under directory 'tests'
    warning: no previously-included files matching '*.pyc' found under directory 'docs'
    warning: no previously-included files matching '*.pyo' found under directory 'docs'
    warning: no previously-included files matching '*.pyc' found under directory 'tests'
    warning: no previously-included files matching '*.pyo' found under directory 'tests'
    warning: no previously-included files matching '*.pyc' found under directory 'examples'
    warning: no previously-included files matching '*.pyo' found under directory 'examples'
    no previously-included directories found matching 'docs/_build'
    writing manifest file 'pip-egg-info/Werkzeug.egg-info/SOURCES.txt'
  Source in ./build/Werkzeug has version 0.8.3, which satisfies requirement Werkzeug>=0.7 (from Flask)
Downloading/unpacking Jinja2>=2.4 (from Flask)
  Running setup.py egg_info for package Jinja2
    running egg_info
    writing requirements to pip-egg-info/Jinja2.egg-info/requires.txt
    writing pip-egg-info/Jinja2.egg-info/PKG-INFO
    writing top-level names to pip-egg-info/Jinja2.egg-info/top_level.txt
    writing dependency_links to pip-egg-info/Jinja2.egg-info/dependency_links.txt
    writing entry points to pip-egg-info/Jinja2.egg-info/entry_points.txt
    warning: manifest_maker: standard file '-c' not found
    
    reading manifest file 'pip-egg-info/Jinja2.egg-info/SOURCES.txt'
    reading manifest template 'MANIFEST.in'
    warning: no previously-included files matching '*' found under directory 'docs/_build'
    warning: no previously-included files matching '*.pyc' found under directory 'jinja2'
    warning: no previously-included files matching '*.pyc' found under directory 'docs'
    warning: no previously-included files matching '*.pyo' found under directory 'jinja2'
    warning: no previously-included files matching '*.pyo' found under directory 'docs'
    writing manifest file 'pip-egg-info/Jinja2.egg-info/SOURCES.txt'
  Source in ./build/Jinja2 has version 2.6, which satisfies requirement Jinja2>=2.4 (from Flask)
Installing collected packages: Flask, Werkzeug, Jinja2
  Running setup.py install for Flask
    Running command /usr/bin/python -c "import setuptools;__file__='/home/tiffanyphan/build/Flask/setup.py';exec(compile(open(__file__).read().replace('\r\n', '\n'), __file__, 'exec'))" install --single-version-externally-managed --record /tmp/pip-qrHdyD-record/install-record.txt
    running install
    running build
    running build_py
    creating build
    creating build/lib.linux-x86_64-2.7
    creating build/lib.linux-x86_64-2.7/flask
    copying flask/debughelpers.py -> build/lib.linux-x86_64-2.7/flask
    copying flask/blueprints.py -> build/lib.linux-x86_64-2.7/flask
    copying flask/__init__.py -> build/lib.linux-x86_64-2.7/flask
    copying flask/testing.py -> build/lib.linux-x86_64-2.7/flask
    copying flask/module.py -> build/lib.linux-x86_64-2.7/flask
    copying flask/signals.py -> build/lib.linux-x86_64-2.7/flask
    copying flask/ctx.py -> build/lib.linux-x86_64-2.7/flask
    copying flask/globals.py -> build/lib.linux-x86_64-2.7/flask
    copying flask/templating.py -> build/lib.linux-x86_64-2.7/flask
    copying flask/exceptions.py -> build/lib.linux-x86_64-2.7/flask
    copying flask/views.py -> build/lib.linux-x86_64-2.7/flask
    copying flask/app.py -> build/lib.linux-x86_64-2.7/flask
    copying flask/config.py -> build/lib.linux-x86_64-2.7/flask
    copying flask/exthook.py -> build/lib.linux-x86_64-2.7/flask
    copying flask/sessions.py -> build/lib.linux-x86_64-2.7/flask
    copying flask/wrappers.py -> build/lib.linux-x86_64-2.7/flask
    copying flask/helpers.py -> build/lib.linux-x86_64-2.7/flask
    copying flask/logging.py -> build/lib.linux-x86_64-2.7/flask
    copying flask/session.py -> build/lib.linux-x86_64-2.7/flask
    creating build/lib.linux-x86_64-2.7/flask/ext
    copying flask/ext/__init__.py -> build/lib.linux-x86_64-2.7/flask/ext
    creating build/lib.linux-x86_64-2.7/flask/testsuite
    copying flask/testsuite/blueprints.py -> build/lib.linux-x86_64-2.7/flask/testsuite
    copying flask/testsuite/__init__.py -> build/lib.linux-x86_64-2.7/flask/testsuite
    copying flask/testsuite/testing.py -> build/lib.linux-x86_64-2.7/flask/testsuite
    copying flask/testsuite/signals.py -> build/lib.linux-x86_64-2.7/flask/testsuite
    copying flask/testsuite/examples.py -> build/lib.linux-x86_64-2.7/flask/testsuite
    copying flask/testsuite/templating.py -> build/lib.linux-x86_64-2.7/flask/testsuite
    copying flask/testsuite/subclassing.py -> build/lib.linux-x86_64-2.7/flask/testsuite
    copying flask/testsuite/deprecations.py -> build/lib.linux-x86_64-2.7/flask/testsuite
    copying flask/testsuite/views.py -> build/lib.linux-x86_64-2.7/flask/testsuite
    copying flask/testsuite/basic.py -> build/lib.linux-x86_64-2.7/flask/testsuite
    copying flask/testsuite/ext.py -> build/lib.linux-x86_64-2.7/flask/testsuite
    copying flask/testsuite/config.py -> build/lib.linux-x86_64-2.7/flask/testsuite
    copying flask/testsuite/appctx.py -> build/lib.linux-x86_64-2.7/flask/testsuite
    copying flask/testsuite/regression.py -> build/lib.linux-x86_64-2.7/flask/testsuite
    copying flask/testsuite/helpers.py -> build/lib.linux-x86_64-2.7/flask/testsuite
    running egg_info
    writing requirements to Flask.egg-info/requires.txt
    writing Flask.egg-info/PKG-INFO
    writing top-level names to Flask.egg-info/top_level.txt
    writing dependency_links to Flask.egg-info/dependency_links.txt
    warning: manifest_maker: standard file '-c' not found
    
    reading manifest file 'Flask.egg-info/SOURCES.txt'
    reading manifest template 'MANIFEST.in'
    warning: no files found matching '*' under directory 'tests'
    warning: no previously-included files matching '*.pyc' found under directory 'docs'
    warning: no previously-included files matching '*.pyo' found under directory 'docs'
    warning: no previously-included files matching '*.pyc' found under directory 'tests'
    warning: no previously-included files matching '*.pyo' found under directory 'tests'
    warning: no previously-included files matching '*.pyc' found under directory 'examples'
    warning: no previously-included files matching '*.pyo' found under directory 'examples'
    no previously-included directories found matching 'docs/_build'
    no previously-included directories found matching 'docs/_themes/.git'
    writing manifest file 'Flask.egg-info/SOURCES.txt'
    creating build/lib.linux-x86_64-2.7/flask/testsuite/static
    copying flask/testsuite/static/index.html -> build/lib.linux-x86_64-2.7/flask/testsuite/static
    creating build/lib.linux-x86_64-2.7/flask/testsuite/templates
    copying flask/testsuite/templates/_macro.html -> build/lib.linux-x86_64-2.7/flask/testsuite/templates
    copying flask/testsuite/templates/context_template.html -> build/lib.linux-x86_64-2.7/flask/testsuite/templates
    copying flask/testsuite/templates/escaping_template.html -> build/lib.linux-x86_64-2.7/flask/testsuite/templates
    copying flask/testsuite/templates/mail.txt -> build/lib.linux-x86_64-2.7/flask/testsuite/templates
    copying flask/testsuite/templates/simple_template.html -> build/lib.linux-x86_64-2.7/flask/testsuite/templates
    copying flask/testsuite/templates/template_filter.html -> build/lib.linux-x86_64-2.7/flask/testsuite/templates
    creating build/lib.linux-x86_64-2.7/flask/testsuite/templates/nested
    copying flask/testsuite/templates/nested/nested.txt -> build/lib.linux-x86_64-2.7/flask/testsuite/templates/nested
    creating build/lib.linux-x86_64-2.7/flask/testsuite/test_apps
    copying flask/testsuite/test_apps/config_module_app.py -> build/lib.linux-x86_64-2.7/flask/testsuite/test_apps
    copying flask/testsuite/test_apps/flask_newext_simple.py -> build/lib.linux-x86_64-2.7/flask/testsuite/test_apps
    copying flask/testsuite/test_apps/importerror.py -> build/lib.linux-x86_64-2.7/flask/testsuite/test_apps
    copying flask/testsuite/test_apps/main_app.py -> build/lib.linux-x86_64-2.7/flask/testsuite/test_apps
    creating build/lib.linux-x86_64-2.7/flask/testsuite/test_apps/blueprintapp
    copying flask/testsuite/test_apps/blueprintapp/__init__.py -> build/lib.linux-x86_64-2.7/flask/testsuite/test_apps/blueprintapp
    creating build/lib.linux-x86_64-2.7/flask/testsuite/test_apps/blueprintapp/apps
    copying flask/testsuite/test_apps/blueprintapp/apps/__init__.py -> build/lib.linux-x86_64-2.7/flask/testsuite/test_apps/blueprintapp/apps
    creating build/lib.linux-x86_64-2.7/flask/testsuite/test_apps/blueprintapp/apps/admin
    copying flask/testsuite/test_apps/blueprintapp/apps/admin/__init__.py -> build/lib.linux-x86_64-2.7/flask/testsuite/test_apps/blueprintapp/apps/admin
    creating build/lib.linux-x86_64-2.7/flask/testsuite/test_apps/blueprintapp/apps/admin/static
    copying flask/testsuite/test_apps/blueprintapp/apps/admin/static/test.txt -> build/lib.linux-x86_64-2.7/flask/testsuite/test_apps/blueprintapp/apps/admin/static
    creating build/lib.linux-x86_64-2.7/flask/testsuite/test_apps/blueprintapp/apps/admin/static/css
    copying flask/testsuite/test_apps/blueprintapp/apps/admin/static/css/test.css -> build/lib.linux-x86_64-2.7/flask/testsuite/test_apps/blueprintapp/apps/admin/static/css
    creating build/lib.linux-x86_64-2.7/flask/testsuite/test_apps/blueprintapp/apps/admin/templates
    creating build/lib.linux-x86_64-2.7/flask/testsuite/test_apps/blueprintapp/apps/admin/templates/admin
    copying flask/testsuite/test_apps/blueprintapp/apps/admin/templates/admin/index.html -> build/lib.linux-x86_64-2.7/flask/testsuite/test_apps/blueprintapp/apps/admin/templates/admin
    creating build/lib.linux-x86_64-2.7/flask/testsuite/test_apps/blueprintapp/apps/frontend
    copying flask/testsuite/test_apps/blueprintapp/apps/frontend/__init__.py -> build/lib.linux-x86_64-2.7/flask/testsuite/test_apps/blueprintapp/apps/frontend
    creating build/lib.linux-x86_64-2.7/flask/testsuite/test_apps/blueprintapp/apps/frontend/templates
    creating build/lib.linux-x86_64-2.7/flask/testsuite/test_apps/blueprintapp/apps/frontend/templates/frontend
    copying flask/testsuite/test_apps/blueprintapp/apps/frontend/templates/frontend/index.html -> build/lib.linux-x86_64-2.7/flask/testsuite/test_apps/blueprintapp/apps/frontend/templates/frontend
    creating build/lib.linux-x86_64-2.7/flask/testsuite/test_apps/config_package_app
    copying flask/testsuite/test_apps/config_package_app/__init__.py -> build/lib.linux-x86_64-2.7/flask/testsuite/test_apps/config_package_app
    creating build/lib.linux-x86_64-2.7/flask/testsuite/test_apps/flask_broken
    copying flask/testsuite/test_apps/flask_broken/__init__.py -> build/lib.linux-x86_64-2.7/flask/testsuite/test_apps/flask_broken
    copying flask/testsuite/test_apps/flask_broken/b.py -> build/lib.linux-x86_64-2.7/flask/testsuite/test_apps/flask_broken
    creating build/lib.linux-x86_64-2.7/flask/testsuite/test_apps/flask_newext_package
    copying flask/testsuite/test_apps/flask_newext_package/__init__.py -> build/lib.linux-x86_64-2.7/flask/testsuite/test_apps/flask_newext_package
    copying flask/testsuite/test_apps/flask_newext_package/submodule.py -> build/lib.linux-x86_64-2.7/flask/testsuite/test_apps/flask_newext_package
    creating build/lib.linux-x86_64-2.7/flask/testsuite/test_apps/flaskext
    copying flask/testsuite/test_apps/flaskext/__init__.py -> build/lib.linux-x86_64-2.7/flask/testsuite/test_apps/flaskext
    copying flask/testsuite/test_apps/flaskext/oldext_simple.py -> build/lib.linux-x86_64-2.7/flask/testsuite/test_apps/flaskext
    creating build/lib.linux-x86_64-2.7/flask/testsuite/test_apps/flaskext/oldext_package
    copying flask/testsuite/test_apps/flaskext/oldext_package/__init__.py -> build/lib.linux-x86_64-2.7/flask/testsuite/test_apps/flaskext/oldext_package
    copying flask/testsuite/test_apps/flaskext/oldext_package/submodule.py -> build/lib.linux-x86_64-2.7/flask/testsuite/test_apps/flaskext/oldext_package
    creating build/lib.linux-x86_64-2.7/flask/testsuite/test_apps/lib
    creating build/lib.linux-x86_64-2.7/flask/testsuite/test_apps/lib/python2.5
    creating build/lib.linux-x86_64-2.7/flask/testsuite/test_apps/lib/python2.5/site-packages
    copying flask/testsuite/test_apps/lib/python2.5/site-packages/SiteEgg.egg -> build/lib.linux-x86_64-2.7/flask/testsuite/test_apps/lib/python2.5/site-packages
    copying flask/testsuite/test_apps/lib/python2.5/site-packages/site_app.py -> build/lib.linux-x86_64-2.7/flask/testsuite/test_apps/lib/python2.5/site-packages
    creating build/lib.linux-x86_64-2.7/flask/testsuite/test_apps/lib/python2.5/site-packages/site_package
    copying flask/testsuite/test_apps/lib/python2.5/site-packages/site_package/__init__.py -> build/lib.linux-x86_64-2.7/flask/testsuite/test_apps/lib/python2.5/site-packages/site_package
    creating build/lib.linux-x86_64-2.7/flask/testsuite/test_apps/moduleapp
    copying flask/testsuite/test_apps/moduleapp/__init__.py -> build/lib.linux-x86_64-2.7/flask/testsuite/test_apps/moduleapp
    creating build/lib.linux-x86_64-2.7/flask/testsuite/test_apps/moduleapp/apps
    copying flask/testsuite/test_apps/moduleapp/apps/__init__.py -> build/lib.linux-x86_64-2.7/flask/testsuite/test_apps/moduleapp/apps
    creating build/lib.linux-x86_64-2.7/flask/testsuite/test_apps/moduleapp/apps/admin
    copying flask/testsuite/test_apps/moduleapp/apps/admin/__init__.py -> build/lib.linux-x86_64-2.7/flask/testsuite/test_apps/moduleapp/apps/admin
    creating build/lib.linux-x86_64-2.7/flask/testsuite/test_apps/moduleapp/apps/admin/static
    copying flask/testsuite/test_apps/moduleapp/apps/admin/static/test.txt -> build/lib.linux-x86_64-2.7/flask/testsuite/test_apps/moduleapp/apps/admin/static
    creating build/lib.linux-x86_64-2.7/flask/testsuite/test_apps/moduleapp/apps/admin/static/css
    copying flask/testsuite/test_apps/moduleapp/apps/admin/static/css/test.css -> build/lib.linux-x86_64-2.7/flask/testsuite/test_apps/moduleapp/apps/admin/static/css
    creating build/lib.linux-x86_64-2.7/flask/testsuite/test_apps/moduleapp/apps/admin/templates
    copying flask/testsuite/test_apps/moduleapp/apps/admin/templates/index.html -> build/lib.linux-x86_64-2.7/flask/testsuite/test_apps/moduleapp/apps/admin/templates
    creating build/lib.linux-x86_64-2.7/flask/testsuite/test_apps/moduleapp/apps/frontend
    copying flask/testsuite/test_apps/moduleapp/apps/frontend/__init__.py -> build/lib.linux-x86_64-2.7/flask/testsuite/test_apps/moduleapp/apps/frontend
    creating build/lib.linux-x86_64-2.7/flask/testsuite/test_apps/moduleapp/apps/frontend/templates
    copying flask/testsuite/test_apps/moduleapp/apps/frontend/templates/index.html -> build/lib.linux-x86_64-2.7/flask/testsuite/test_apps/moduleapp/apps/frontend/templates
    creating build/lib.linux-x86_64-2.7/flask/testsuite/test_apps/path
    creating build/lib.linux-x86_64-2.7/flask/testsuite/test_apps/path/installed_package
    copying flask/testsuite/test_apps/path/installed_package/__init__.py -> build/lib.linux-x86_64-2.7/flask/testsuite/test_apps/path/installed_package
    creating build/lib.linux-x86_64-2.7/flask/testsuite/test_apps/subdomaintestmodule
    copying flask/testsuite/test_apps/subdomaintestmodule/__init__.py -> build/lib.linux-x86_64-2.7/flask/testsuite/test_apps/subdomaintestmodule
    creating build/lib.linux-x86_64-2.7/flask/testsuite/test_apps/subdomaintestmodule/static
    copying flask/testsuite/test_apps/subdomaintestmodule/static/hello.txt -> build/lib.linux-x86_64-2.7/flask/testsuite/test_apps/subdomaintestmodule/static
    running install_lib
    creating /usr/local/lib/python2.7/dist-packages/flask
    error: could not create '/usr/local/lib/python2.7/dist-packages/flask': Permission denied
    Complete output from command /usr/bin/python -c "import setuptools;__file__='/home/tiffanyphan/build/Flask/setup.py';exec(compile(open(__file__).read().replace('\r\n', '\n'), __file__, 'exec'))" install --single-version-externally-managed --record /tmp/pip-qrHdyD-record/install-record.txt:
    running install

running build

running build_py

creating build

creating build/lib.linux-x86_64-2.7

creating build/lib.linux-x86_64-2.7/flask

copying flask/debughelpers.py -> build/lib.linux-x86_64-2.7/flask

copying flask/blueprints.py -> build/lib.linux-x86_64-2.7/flask

copying flask/__init__.py -> build/lib.linux-x86_64-2.7/flask

copying flask/testing.py -> build/lib.linux-x86_64-2.7/flask

copying flask/module.py -> build/lib.linux-x86_64-2.7/flask

copying flask/signals.py -> build/lib.linux-x86_64-2.7/flask

copying flask/ctx.py -> build/lib.linux-x86_64-2.7/flask

copying flask/globals.py -> build/lib.linux-x86_64-2.7/flask

copying flask/templating.py -> build/lib.linux-x86_64-2.7/flask

copying flask/exceptions.py -> build/lib.linux-x86_64-2.7/flask

copying flask/views.py -> build/lib.linux-x86_64-2.7/flask

copying flask/app.py -> build/lib.linux-x86_64-2.7/flask

copying flask/config.py -> build/lib.linux-x86_64-2.7/flask

copying flask/exthook.py -> build/lib.linux-x86_64-2.7/flask

copying flask/sessions.py -> build/lib.linux-x86_64-2.7/flask

copying flask/wrappers.py -> build/lib.linux-x86_64-2.7/flask

copying flask/helpers.py -> build/lib.linux-x86_64-2.7/flask

copying flask/logging.py -> build/lib.linux-x86_64-2.7/flask

copying flask/session.py -> build/lib.linux-x86_64-2.7/flask

creating build/lib.linux-x86_64-2.7/flask/ext

copying flask/ext/__init__.py -> build/lib.linux-x86_64-2.7/flask/ext

creating build/lib.linux-x86_64-2.7/flask/testsuite

copying flask/testsuite/blueprints.py -> build/lib.linux-x86_64-2.7/flask/testsuite

copying flask/testsuite/__init__.py -> build/lib.linux-x86_64-2.7/flask/testsuite

copying flask/testsuite/testing.py -> build/lib.linux-x86_64-2.7/flask/testsuite

copying flask/testsuite/signals.py -> build/lib.linux-x86_64-2.7/flask/testsuite

copying flask/testsuite/examples.py -> build/lib.linux-x86_64-2.7/flask/testsuite

copying flask/testsuite/templating.py -> build/lib.linux-x86_64-2.7/flask/testsuite

copying flask/testsuite/subclassing.py -> build/lib.linux-x86_64-2.7/flask/testsuite

copying flask/testsuite/deprecations.py -> build/lib.linux-x86_64-2.7/flask/testsuite

copying flask/testsuite/views.py -> build/lib.linux-x86_64-2.7/flask/testsuite

copying flask/testsuite/basic.py -> build/lib.linux-x86_64-2.7/flask/testsuite

copying flask/testsuite/ext.py -> build/lib.linux-x86_64-2.7/flask/testsuite

copying flask/testsuite/config.py -> build/lib.linux-x86_64-2.7/flask/testsuite

copying flask/testsuite/appctx.py -> build/lib.linux-x86_64-2.7/flask/testsuite

copying flask/testsuite/regression.py -> build/lib.linux-x86_64-2.7/flask/testsuite

copying flask/testsuite/helpers.py -> build/lib.linux-x86_64-2.7/flask/testsuite

running egg_info

writing requirements to Flask.egg-info/requires.txt

writing Flask.egg-info/PKG-INFO

writing top-level names to Flask.egg-info/top_level.txt

writing dependency_links to Flask.egg-info/dependency_links.txt

warning: manifest_maker: standard file '-c' not found



reading manifest file 'Flask.egg-info/SOURCES.txt'

reading manifest template 'MANIFEST.in'

warning: no files found matching '*' under directory 'tests'

warning: no previously-included files matching '*.pyc' found under directory 'docs'

warning: no previously-included files matching '*.pyo' found under directory 'docs'

warning: no previously-included files matching '*.pyc' found under directory 'tests'

warning: no previously-included files matching '*.pyo' found under directory 'tests'

warning: no previously-included files matching '*.pyc' found under directory 'examples'

warning: no previously-included files matching '*.pyo' found under directory 'examples'

no previously-included directories found matching 'docs/_build'

no previously-included directories found matching 'docs/_themes/.git'

writing manifest file 'Flask.egg-info/SOURCES.txt'

creating build/lib.linux-x86_64-2.7/flask/testsuite/static

copying flask/testsuite/static/index.html -> build/lib.linux-x86_64-2.7/flask/testsuite/static

creating build/lib.linux-x86_64-2.7/flask/testsuite/templates

copying flask/testsuite/templates/_macro.html -> build/lib.linux-x86_64-2.7/flask/testsuite/templates

copying flask/testsuite/templates/context_template.html -> build/lib.linux-x86_64-2.7/flask/testsuite/templates

copying flask/testsuite/templates/escaping_template.html -> build/lib.linux-x86_64-2.7/flask/testsuite/templates

copying flask/testsuite/templates/mail.txt -> build/lib.linux-x86_64-2.7/flask/testsuite/templates

copying flask/testsuite/templates/simple_template.html -> build/lib.linux-x86_64-2.7/flask/testsuite/templates

copying flask/testsuite/templates/template_filter.html -> build/lib.linux-x86_64-2.7/flask/testsuite/templates

creating build/lib.linux-x86_64-2.7/flask/testsuite/templates/nested

copying flask/testsuite/templates/nested/nested.txt -> build/lib.linux-x86_64-2.7/flask/testsuite/templates/nested

creating build/lib.linux-x86_64-2.7/flask/testsuite/test_apps

copying flask/testsuite/test_apps/config_module_app.py -> build/lib.linux-x86_64-2.7/flask/testsuite/test_apps

copying flask/testsuite/test_apps/flask_newext_simple.py -> build/lib.linux-x86_64-2.7/flask/testsuite/test_apps

copying flask/testsuite/test_apps/importerror.py -> build/lib.linux-x86_64-2.7/flask/testsuite/test_apps

copying flask/testsuite/test_apps/main_app.py -> build/lib.linux-x86_64-2.7/flask/testsuite/test_apps

creating build/lib.linux-x86_64-2.7/flask/testsuite/test_apps/blueprintapp

copying flask/testsuite/test_apps/blueprintapp/__init__.py -> build/lib.linux-x86_64-2.7/flask/testsuite/test_apps/blueprintapp

creating build/lib.linux-x86_64-2.7/flask/testsuite/test_apps/blueprintapp/apps

copying flask/testsuite/test_apps/blueprintapp/apps/__init__.py -> build/lib.linux-x86_64-2.7/flask/testsuite/test_apps/blueprintapp/apps

creating build/lib.linux-x86_64-2.7/flask/testsuite/test_apps/blueprintapp/apps/admin

copying flask/testsuite/test_apps/blueprintapp/apps/admin/__init__.py -> build/lib.linux-x86_64-2.7/flask/testsuite/test_apps/blueprintapp/apps/admin

creating build/lib.linux-x86_64-2.7/flask/testsuite/test_apps/blueprintapp/apps/admin/static

copying flask/testsuite/test_apps/blueprintapp/apps/admin/static/test.txt -> build/lib.linux-x86_64-2.7/flask/testsuite/test_apps/blueprintapp/apps/admin/static

creating build/lib.linux-x86_64-2.7/flask/testsuite/test_apps/blueprintapp/apps/admin/static/css

copying flask/testsuite/test_apps/blueprintapp/apps/admin/static/css/test.css -> build/lib.linux-x86_64-2.7/flask/testsuite/test_apps/blueprintapp/apps/admin/static/css

creating build/lib.linux-x86_64-2.7/flask/testsuite/test_apps/blueprintapp/apps/admin/templates

creating build/lib.linux-x86_64-2.7/flask/testsuite/test_apps/blueprintapp/apps/admin/templates/admin

copying flask/testsuite/test_apps/blueprintapp/apps/admin/templates/admin/index.html -> build/lib.linux-x86_64-2.7/flask/testsuite/test_apps/blueprintapp/apps/admin/templates/admin

creating build/lib.linux-x86_64-2.7/flask/testsuite/test_apps/blueprintapp/apps/frontend

copying flask/testsuite/test_apps/blueprintapp/apps/frontend/__init__.py -> build/lib.linux-x86_64-2.7/flask/testsuite/test_apps/blueprintapp/apps/frontend

creating build/lib.linux-x86_64-2.7/flask/testsuite/test_apps/blueprintapp/apps/frontend/templates

creating build/lib.linux-x86_64-2.7/flask/testsuite/test_apps/blueprintapp/apps/frontend/templates/frontend

copying flask/testsuite/test_apps/blueprintapp/apps/frontend/templates/frontend/index.html -> build/lib.linux-x86_64-2.7/flask/testsuite/test_apps/blueprintapp/apps/frontend/templates/frontend

creating build/lib.linux-x86_64-2.7/flask/testsuite/test_apps/config_package_app

copying flask/testsuite/test_apps/config_package_app/__init__.py -> build/lib.linux-x86_64-2.7/flask/testsuite/test_apps/config_package_app

creating build/lib.linux-x86_64-2.7/flask/testsuite/test_apps/flask_broken

copying flask/testsuite/test_apps/flask_broken/__init__.py -> build/lib.linux-x86_64-2.7/flask/testsuite/test_apps/flask_broken

copying flask/testsuite/test_apps/flask_broken/b.py -> build/lib.linux-x86_64-2.7/flask/testsuite/test_apps/flask_broken

creating build/lib.linux-x86_64-2.7/flask/testsuite/test_apps/flask_newext_package

copying flask/testsuite/test_apps/flask_newext_package/__init__.py -> build/lib.linux-x86_64-2.7/flask/testsuite/test_apps/flask_newext_package

copying flask/testsuite/test_apps/flask_newext_package/submodule.py -> build/lib.linux-x86_64-2.7/flask/testsuite/test_apps/flask_newext_package

creating build/lib.linux-x86_64-2.7/flask/testsuite/test_apps/flaskext

copying flask/testsuite/test_apps/flaskext/__init__.py -> build/lib.linux-x86_64-2.7/flask/testsuite/test_apps/flaskext

copying flask/testsuite/test_apps/flaskext/oldext_simple.py -> build/lib.linux-x86_64-2.7/flask/testsuite/test_apps/flaskext

creating build/lib.linux-x86_64-2.7/flask/testsuite/test_apps/flaskext/oldext_package

copying flask/testsuite/test_apps/flaskext/oldext_package/__init__.py -> build/lib.linux-x86_64-2.7/flask/testsuite/test_apps/flaskext/oldext_package

copying flask/testsuite/test_apps/flaskext/oldext_package/submodule.py -> build/lib.linux-x86_64-2.7/flask/testsuite/test_apps/flaskext/oldext_package

creating build/lib.linux-x86_64-2.7/flask/testsuite/test_apps/lib

creating build/lib.linux-x86_64-2.7/flask/testsuite/test_apps/lib/python2.5

creating build/lib.linux-x86_64-2.7/flask/testsuite/test_apps/lib/python2.5/site-packages

copying flask/testsuite/test_apps/lib/python2.5/site-packages/SiteEgg.egg -> build/lib.linux-x86_64-2.7/flask/testsuite/test_apps/lib/python2.5/site-packages

copying flask/testsuite/test_apps/lib/python2.5/site-packages/site_app.py -> build/lib.linux-x86_64-2.7/flask/testsuite/test_apps/lib/python2.5/site-packages

creating build/lib.linux-x86_64-2.7/flask/testsuite/test_apps/lib/python2.5/site-packages/site_package

copying flask/testsuite/test_apps/lib/python2.5/site-packages/site_package/__init__.py -> build/lib.linux-x86_64-2.7/flask/testsuite/test_apps/lib/python2.5/site-packages/site_package

creating build/lib.linux-x86_64-2.7/flask/testsuite/test_apps/moduleapp

copying flask/testsuite/test_apps/moduleapp/__init__.py -> build/lib.linux-x86_64-2.7/flask/testsuite/test_apps/moduleapp

creating build/lib.linux-x86_64-2.7/flask/testsuite/test_apps/moduleapp/apps

copying flask/testsuite/test_apps/moduleapp/apps/__init__.py -> build/lib.linux-x86_64-2.7/flask/testsuite/test_apps/moduleapp/apps

creating build/lib.linux-x86_64-2.7/flask/testsuite/test_apps/moduleapp/apps/admin

copying flask/testsuite/test_apps/moduleapp/apps/admin/__init__.py -> build/lib.linux-x86_64-2.7/flask/testsuite/test_apps/moduleapp/apps/admin

creating build/lib.linux-x86_64-2.7/flask/testsuite/test_apps/moduleapp/apps/admin/static

copying flask/testsuite/test_apps/moduleapp/apps/admin/static/test.txt -> build/lib.linux-x86_64-2.7/flask/testsuite/test_apps/moduleapp/apps/admin/static

creating build/lib.linux-x86_64-2.7/flask/testsuite/test_apps/moduleapp/apps/admin/static/css

copying flask/testsuite/test_apps/moduleapp/apps/admin/static/css/test.css -> build/lib.linux-x86_64-2.7/flask/testsuite/test_apps/moduleapp/apps/admin/static/css

creating build/lib.linux-x86_64-2.7/flask/testsuite/test_apps/moduleapp/apps/admin/templates

copying flask/testsuite/test_apps/moduleapp/apps/admin/templates/index.html -> build/lib.linux-x86_64-2.7/flask/testsuite/test_apps/moduleapp/apps/admin/templates

creating build/lib.linux-x86_64-2.7/flask/testsuite/test_apps/moduleapp/apps/frontend

copying flask/testsuite/test_apps/moduleapp/apps/frontend/__init__.py -> build/lib.linux-x86_64-2.7/flask/testsuite/test_apps/moduleapp/apps/frontend

creating build/lib.linux-x86_64-2.7/flask/testsuite/test_apps/moduleapp/apps/frontend/templates

copying flask/testsuite/test_apps/moduleapp/apps/frontend/templates/index.html -> build/lib.linux-x86_64-2.7/flask/testsuite/test_apps/moduleapp/apps/frontend/templates

creating build/lib.linux-x86_64-2.7/flask/testsuite/test_apps/path

creating build/lib.linux-x86_64-2.7/flask/testsuite/test_apps/path/installed_package

copying flask/testsuite/test_apps/path/installed_package/__init__.py -> build/lib.linux-x86_64-2.7/flask/testsuite/test_apps/path/installed_package

creating build/lib.linux-x86_64-2.7/flask/testsuite/test_apps/subdomaintestmodule

copying flask/testsuite/test_apps/subdomaintestmodule/__init__.py -> build/lib.linux-x86_64-2.7/flask/testsuite/test_apps/subdomaintestmodule

creating build/lib.linux-x86_64-2.7/flask/testsuite/test_apps/subdomaintestmodule/static

copying flask/testsuite/test_apps/subdomaintestmodule/static/hello.txt -> build/lib.linux-x86_64-2.7/flask/testsuite/test_apps/subdomaintestmodule/static

running install_lib

creating /usr/local/lib/python2.7/dist-packages/flask

error: could not create '/usr/local/lib/python2.7/dist-packages/flask': Permission denied

----------------------------------------
Command /usr/bin/python -c "import setuptools;__file__='/home/tiffanyphan/build/Flask/setup.py';exec(compile(open(__file__).read().replace('\r\n', '\n'), __file__, 'exec'))" install --single-version-externally-managed --record /tmp/pip-qrHdyD-record/install-record.txt failed with error code 1
Exception information:
Traceback (most recent call last):
  File "/usr/lib/python2.7/dist-packages/pip/basecommand.py", line 126, in main
    self.run(options, args)
  File "/usr/lib/python2.7/dist-packages/pip/commands/install.py", line 228, in run
    requirement_set.install(install_options, global_options)
  File "/usr/lib/python2.7/dist-packages/pip/req.py", line 1093, in install
    requirement.install(install_options, global_options)
  File "/usr/lib/python2.7/dist-packages/pip/req.py", line 566, in install
    cwd=self.source_dir, filter_stdout=self._filter_install, show_stdout=False)
  File "/usr/lib/python2.7/dist-packages/pip/__init__.py", line 255, in call_subprocess
    % (command_desc, proc.returncode))
InstallationError: Command /usr/bin/python -c "import setuptools;__file__='/home/tiffanyphan/build/Flask/setup.py';exec(compile(open(__file__).read().replace('\r\n', '\n'), __file__, 'exec'))" install --single-version-externally-managed --record /tmp/pip-qrHdyD-record/install-record.txt failed with error code 1
